<?xml version="1.0" encoding="UTF-8"?>
<!-- Generated by org.testng.reporters.JUnitXMLReporter -->
<testsuite ignored="0" hostname="DESKTOP-T3HKTET" failures="0" tests="4" name="Default test" time="58.27" errors="0" timestamp="2022-06-11T19:40:52 ART">
  <testcase classname="proyectoAutomation.proyectoAutomation.Despegar" name="validarBusqueda" time="10.582"/>
  <testcase classname="proyectoAutomation.proyectoAutomation.Despegar" name="validarBusqueda" time="9.42"/>
  <testcase classname="proyectoAutomation.proyectoAutomation.Despegar" name="validarBusqueda2" time="9.291"/>
  <testcase classname="proyectoAutomation.proyectoAutomation.Despegar" name="validarBusqueda2" time="9.469"/>
</testsuite> <!-- Default test -->
