<?xml version="1.0" encoding="UTF-8"?>
<!-- Generated by org.testng.reporters.JUnitXMLReporter -->
<testsuite ignored="0" hostname="DESKTOP-T3HKTET" failures="0" tests="2" name="Default test" time="29.158" errors="0" timestamp="2022-06-12T14:14:34 ART">
  <testcase classname="proyectoAutomation.proyectoAutomation.Despegar" name="validarBusqueda" time="9.566"/>
  <testcase classname="proyectoAutomation.proyectoAutomation.Despegar" name="validarBusqueda2" time="9.596"/>
</testsuite> <!-- Default test -->
