<?xml version="1.0" encoding="UTF-8"?>
<testng-results ignored="0" total="1" passed="1" failed="0" skipped="0">
  <reporter-output>
  </reporter-output>
  <suite started-at="2022-06-06T08:21:43 ART" name="Default suite" finished-at="2022-06-06T08:21:59 ART" duration-ms="15340">
    <groups>
    </groups>
    <test started-at="2022-06-06T08:21:43 ART" name="Default test" finished-at="2022-06-06T08:21:59 ART" duration-ms="15340">
      <class name="proyectoAutomation.proyectoAutomation.Despegar">
        <test-method signature="validarBusqueda()[pri:0, instance:proyectoAutomation.proyectoAutomation.Despegar@353d0772]" started-at="2022-06-06T08:21:43 ART" name="validarBusqueda" description="Validar busqueda en pagina Despegar" finished-at="2022-06-06T08:21:59 ART" duration-ms="15322" status="PASS">
          <reporter-output>
          </reporter-output>
        </test-method> <!-- validarBusqueda -->
      </class> <!-- proyectoAutomation.proyectoAutomation.Despegar -->
    </test> <!-- Default test -->
  </suite> <!-- Default suite -->
</testng-results>
